<?xml version="1.0" encoding="UTF-8"?>
<!-- Generated by org.testng.reporters.JUnitXMLReporter -->
<testsuite hostname="LAPTOP-81OO3J3Q" ignored="1" name="Default test" tests="1" failures="0" timestamp="2020-09-10T23:50:45 EDT" time="21.58" errors="0">
  <testcase name="addMutipleEmployees" time="13.864" classname="com.hrms.testcases.AddEmployeeTest"/>
  <testcase name="addEmployee" time="0.0" classname="com.hrms.testcases.AddEmployeeTest">
    <ignored/>
  </testcase> <!-- addEmployee -->
</testsuite> <!-- Default test -->
