<?xml version="1.0" encoding="UTF-8"?>
<!-- Generated by org.testng.reporters.JUnitXMLReporter -->
<testsuite hostname="LAPTOP-81OO3J3Q" ignored="3" name="Test" tests="1" failures="0" timestamp="2020-09-10T23:21:29 EDT" time="12.324" errors="0">
  <testcase name="validLogin" time="2.91" classname="com.hrms.testcases.LoginTest"/>
  <testcase name="addMutipleEmployees" time="0.0" classname="com.hrms.testcases.AddEmployeeTest">
    <ignored/>
  </testcase> <!-- addMutipleEmployees -->
  <testcase name="addEmployee" time="0.0" classname="com.hrms.testcases.AddEmployeeTest">
    <ignored/>
  </testcase> <!-- addEmployee -->
  <testcase name="invalidLogin" time="0.0" classname="com.hrms.testcases.LoginTest">
    <ignored/>
  </testcase> <!-- invalidLogin -->
</testsuite> <!-- Test -->
