<?xml version="1.0" encoding="UTF-8"?>
<testng-results skipped="0" failed="0" ignored="1" total="2" passed="1">
  <reporter-output>
  </reporter-output>
  <suite name="Default suite" duration-ms="21580" started-at="2020-09-10T23:50:23 EDT" finished-at="2020-09-10T23:50:45 EDT">
    <groups>
      <group name="regression">
        <method signature="AddEmployeeTest.addMutipleEmployees()[pri:0, instance:com.hrms.testcases.AddEmployeeTest@2833cc44]" name="addMutipleEmployees" class="com.hrms.testcases.AddEmployeeTest"/>
      </group> <!-- regression -->
    </groups>
    <test name="Default test" duration-ms="21580" started-at="2020-09-10T23:50:23 EDT" finished-at="2020-09-10T23:50:45 EDT">
      <class name="com.hrms.testcases.AddEmployeeTest">
        <test-method status="PASS" signature="setUp()[pri:0, instance:com.hrms.testcases.AddEmployeeTest@2833cc44]" name="setUp" is-config="true" duration-ms="7051" started-at="2020-09-10T23:50:23 EDT" finished-at="2020-09-10T23:50:30 EDT">
          <reporter-output>
          </reporter-output>
        </test-method> <!-- setUp -->
        <test-method status="PASS" signature="addMutipleEmployees()[pri:0, instance:com.hrms.testcases.AddEmployeeTest@2833cc44]" name="addMutipleEmployees" duration-ms="13864" started-at="2020-09-10T23:50:30 EDT" finished-at="2020-09-10T23:50:44 EDT">
          <reporter-output>
          </reporter-output>
        </test-method> <!-- addMutipleEmployees -->
        <test-method status="PASS" signature="tearDown()[pri:0, instance:com.hrms.testcases.AddEmployeeTest@2833cc44]" name="tearDown" is-config="true" duration-ms="635" started-at="2020-09-10T23:50:44 EDT" finished-at="2020-09-10T23:50:45 EDT">
          <reporter-output>
          </reporter-output>
        </test-method> <!-- tearDown -->
      </class> <!-- com.hrms.testcases.AddEmployeeTest -->
    </test> <!-- Default test -->
  </suite> <!-- Default suite -->
</testng-results>
